1747293844051	geckodriver	INFO	Listening on 127.0.0.1:52151
1747293844150	mozrunner::runner	INFO	Running command: MOZ_CRASHREPORTER="1" MOZ_CRASHREPORTER_NO_REPORT="1" MOZ_CRASHREPORTER_SHUTDOWN="1" "/Applications/Firefox. ... s" "localhost" "-foreground" "-no-remote" "-profile" "/var/folders/my/_xczdv396cj4lp0rs8vdvc340000gn/T/rust_mozprofileno4kLX"
console.warn: services.settings: Ignoring preference override of remote settings server
console.warn: services.settings: Allow by setting MOZ_REMOTE_SETTINGS_DEVTOOLS=1 in the environment
1747293844777	Marionette	INFO	Marionette enabled
console.error: "Warning: unrecognized command line flag" "-remote-allow-hosts"
1747293845530	Marionette	INFO	Listening on port 52161
2025-05-15 12:54:05.558 plugin-container[84877:1302243] nil host used in call to allowsSpecificHTTPSCertificateForHost
2025-05-15 12:54:05.559 plugin-container[84877:1302243] nil host used in call to allowsAnyHTTPSCertificateForHost:
WebDriver BiDi listening on ws://127.0.0.1:52152
2025-05-15 12:54:05.567 plugin-container[84877:1302243] nil host used in call to allowsSpecificHTTPSCertificateForHost
2025-05-15 12:54:05.567 plugin-container[84877:1302243] nil host used in call to allowsAnyHTTPSCertificateForHost:
2025-05-15 12:54:05.568 plugin-container[84877:1302253] nil host used in call to allowsSpecificHTTPSCertificateForHost
2025-05-15 12:54:05.568 plugin-container[84877:1302253] nil host used in call to allowsAnyHTTPSCertificateForHost:
Read port: 52161
1747293846092	RemoteAgent	WARN	TLS certificate errors will be ignored for this session
DevTools listening on ws://127.0.0.1:52152/devtools/browser/8f6068be-141d-4ab3-b452-d96a4f2be35a
2025-05-15 07:24:09.326 plugin-container[84883:1302429] nil host used in call to allowsSpecificHTTPSCertificateForHost
2025-05-15 07:24:09.326 plugin-container[84883:1302429] nil host used in call to allowsAnyHTTPSCertificateForHost:
2025-05-15 07:24:09.339 plugin-container[84883:1302429] nil host used in call to allowsSpecificHTTPSCertificateForHost
2025-05-15 07:24:09.339 plugin-container[84883:1302429] nil host used in call to allowsAnyHTTPSCertificateForHost:
2025-05-15 07:24:09.340 plugin-container[84883:1302454] nil host used in call to allowsSpecificHTTPSCertificateForHost
2025-05-15 07:24:09.340 plugin-container[84883:1302454] nil host used in call to allowsAnyHTTPSCertificateForHost:
console.warn: LoginRecipes: "Falling back to a synchronous message for: https://the-internet.herokuapp.com."
console.warn: LoginRecipes: "Falling back to a synchronous message for: https://the-internet.herokuapp.com."
1747293860743	Marionette	INFO	Stopped listening on port 52161
