1747307681681	geckodriver	INFO	Listening on 127.0.0.1:55444
1747307681767	mozrunner::runner	INFO	Running command: MOZ_CRASHREPORTER="1" MOZ_CRASHREPORTER_NO_REPORT="1" MOZ_CRASHREPORTER_SHUTDOWN="1" "/Applications/Firefox. ... s" "localhost" "-foreground" "-no-remote" "-profile" "/var/folders/my/_xczdv396cj4lp0rs8vdvc340000gn/T/rust_mozprofiletSXLGv"
*** You are running in headless mode.
console.warn: services.settings: Ignoring preference override of remote settings server
console.warn: services.settings: Allow by setting MOZ_REMOTE_SETTINGS_DEVTOOLS=1 in the environment
1747307682467	Marionette	INFO	Marionette enabled
console.error: "Warning: unrecognized command line flag" "-remote-allow-hosts"
1747307683602	Marionette	INFO	Listening on port 55454
WebDriver BiDi listening on ws://127.0.0.1:55445
Read port: 55454
2025-05-15 16:44:43.834 plugin-container[92075:1411335] nil host used in call to allowsSpecificHTTPSCertificateForHost
2025-05-15 16:44:43.834 plugin-container[92075:1411335] nil host used in call to allowsAnyHTTPSCertificateForHost:
2025-05-15 16:44:43.881 plugin-container[92075:1411335] nil host used in call to allowsSpecificHTTPSCertificateForHost
2025-05-15 16:44:43.881 plugin-container[92075:1411335] nil host used in call to allowsAnyHTTPSCertificateForHost:
2025-05-15 16:44:43.895 plugin-container[92075:1411371] nil host used in call to allowsSpecificHTTPSCertificateForHost
2025-05-15 16:44:43.895 plugin-container[92075:1411371] nil host used in call to allowsAnyHTTPSCertificateForHost:
1747307684265	RemoteAgent	WARN	TLS certificate errors will be ignored for this session
[GFX1-]: RenderCompositorSWGL failed mapping default framebuffer, no dt
2025-05-15 11:14:47.761 plugin-container[92085:1411543] nil host used in call to allowsSpecificHTTPSCertificateForHost
2025-05-15 11:14:47.762 plugin-container[92085:1411543] nil host used in call to allowsAnyHTTPSCertificateForHost:
2025-05-15 11:14:47.782 plugin-container[92085:1411543] nil host used in call to allowsSpecificHTTPSCertificateForHost
2025-05-15 11:14:47.782 plugin-container[92085:1411543] nil host used in call to allowsAnyHTTPSCertificateForHost:
2025-05-15 11:14:47.782 plugin-container[92085:1411560] nil host used in call to allowsSpecificHTTPSCertificateForHost
2025-05-15 11:14:47.783 plugin-container[92085:1411560] nil host used in call to allowsAnyHTTPSCertificateForHost:
DevTools listening on ws://127.0.0.1:55445/devtools/browser/d9599cb7-8477-4f2c-ba6f-5137007bc7ce
