1747307843061	geckodriver	INFO	Listening on 127.0.0.1:55620
1747307843092	mozrunner::runner	INFO	Running command: MOZ_CRASHREPORTER="1" MOZ_CRASHREPORTER_NO_REPORT="1" MOZ_CRASHREPORTER_SHUTDOWN="1" "/Applications/Firefox. ... s" "localhost" "-foreground" "-no-remote" "-profile" "/var/folders/my/_xczdv396cj4lp0rs8vdvc340000gn/T/rust_mozprofileUJ18S4"
console.warn: services.settings: Ignoring preference override of remote settings server
console.warn: services.settings: Allow by setting MOZ_REMOTE_SETTINGS_DEVTOOLS=1 in the environment
1747307843986	Marionette	INFO	Marionette enabled
console.error: "Warning: unrecognized command line flag" "-remote-allow-hosts"
1747307844890	Marionette	INFO	Listening on port 55626
Read port: 55626
WebDriver BiDi listening on ws://127.0.0.1:55621
2025-05-15 16:47:24.970 plugin-container[92331:1414914] nil host used in call to allowsSpecificHTTPSCertificateForHost
2025-05-15 16:47:24.972 plugin-container[92331:1414914] nil host used in call to allowsAnyHTTPSCertificateForHost:
2025-05-15 16:47:24.981 plugin-container[92331:1414914] nil host used in call to allowsSpecificHTTPSCertificateForHost
2025-05-15 16:47:24.981 plugin-container[92331:1414914] nil host used in call to allowsAnyHTTPSCertificateForHost:
2025-05-15 16:47:24.982 plugin-container[92331:1414911] nil host used in call to allowsSpecificHTTPSCertificateForHost
2025-05-15 16:47:24.982 plugin-container[92331:1414911] nil host used in call to allowsAnyHTTPSCertificateForHost:
1747307845075	RemoteAgent	WARN	TLS certificate errors will be ignored for this session
DevTools listening on ws://127.0.0.1:55621/devtools/browser/e88a9e81-8bfe-425b-8679-4408e38548f7
2025-05-15 11:17:29.252 plugin-container[92337:1415122] nil host used in call to allowsSpecificHTTPSCertificateForHost
2025-05-15 11:17:29.252 plugin-container[92337:1415122] nil host used in call to allowsAnyHTTPSCertificateForHost:
2025-05-15 11:17:29.260 plugin-container[92337:1415122] nil host used in call to allowsSpecificHTTPSCertificateForHost
2025-05-15 11:17:29.260 plugin-container[92337:1415122] nil host used in call to allowsAnyHTTPSCertificateForHost:
2025-05-15 11:17:29.261 plugin-container[92337:1415137] nil host used in call to allowsSpecificHTTPSCertificateForHost
2025-05-15 11:17:29.261 plugin-container[92337:1415137] nil host used in call to allowsAnyHTTPSCertificateForHost:
JavaScript warning: https://pagead2.googlesyndication.com/bg/ou57QlkwlmW6ugGy6aTa8qq11a_NwGzUpy3FuN33kMs.js line 2 > eval line 3882 > eval line 1 > eval line 1 > eval, line 1: WEBGL_debug_renderer_info is deprecated in Firefox and will be removed. Please use RENDERER.
2025-05-15 11:17:34.456 plugin-container[92344:1415316] nil host used in call to allowsSpecificHTTPSCertificateForHost
2025-05-15 11:17:34.457 plugin-container[92344:1415316] nil host used in call to allowsAnyHTTPSCertificateForHost:
2025-05-15 11:17:34.464 plugin-container[92344:1415316] nil host used in call to allowsSpecificHTTPSCertificateForHost
2025-05-15 11:17:34.464 plugin-container[92344:1415316] nil host used in call to allowsAnyHTTPSCertificateForHost:
2025-05-15 11:17:34.465 plugin-container[92344:1415317] nil host used in call to allowsSpecificHTTPSCertificateForHost
2025-05-15 11:17:34.465 plugin-container[92344:1415317] nil host used in call to allowsAnyHTTPSCertificateForHost:
