1747293951862	geckodriver	INFO	Listening on 127.0.0.1:52255
1747293951883	mozrunner::runner	INFO	Running command: MOZ_CRASHREPORTER="1" MOZ_CRASHREPORTER_NO_REPORT="1" MOZ_CRASHREPORTER_SHUTDOWN="1" "/Applications/Firefox. ... s" "localhost" "-foreground" "-no-remote" "-profile" "/var/folders/my/_xczdv396cj4lp0rs8vdvc340000gn/T/rust_mozprofilepweXnv"
*** You are running in headless mode.
console.warn: services.settings: Ignoring preference override of remote settings server
console.warn: services.settings: Allow by setting MOZ_REMOTE_SETTINGS_DEVTOOLS=1 in the environment
1747293952405	Marionette	INFO	Marionette enabled
console.error: "Warning: unrecognized command line flag" "-remote-allow-hosts"
1747293953115	Marionette	INFO	Listening on port 52261
2025-05-15 12:55:53.141 plugin-container[85077:1304706] nil host used in call to allowsSpecificHTTPSCertificateForHost
2025-05-15 12:55:53.142 plugin-container[85077:1304706] nil host used in call to allowsAnyHTTPSCertificateForHost:
WebDriver BiDi listening on ws://127.0.0.1:52256
2025-05-15 12:55:53.151 plugin-container[85077:1304706] nil host used in call to allowsSpecificHTTPSCertificateForHost
2025-05-15 12:55:53.151 plugin-container[85077:1304706] nil host used in call to allowsAnyHTTPSCertificateForHost:
2025-05-15 12:55:53.152 plugin-container[85077:1304718] nil host used in call to allowsSpecificHTTPSCertificateForHost
2025-05-15 12:55:53.152 plugin-container[85077:1304718] nil host used in call to allowsAnyHTTPSCertificateForHost:
Read port: 52261
1747293953566	RemoteAgent	WARN	TLS certificate errors will be ignored for this session
[GFX1-]: RenderCompositorSWGL failed mapping default framebuffer, no dt
DevTools listening on ws://127.0.0.1:52256/devtools/browser/d444580d-a248-4130-909e-5bd0fe21e29e
2025-05-15 07:25:55.797 plugin-container[85083:1304880] nil host used in call to allowsSpecificHTTPSCertificateForHost
2025-05-15 07:25:55.797 plugin-container[85083:1304880] nil host used in call to allowsAnyHTTPSCertificateForHost:
2025-05-15 07:25:55.805 plugin-container[85083:1304880] nil host used in call to allowsSpecificHTTPSCertificateForHost
2025-05-15 07:25:55.805 plugin-container[85083:1304880] nil host used in call to allowsAnyHTTPSCertificateForHost:
2025-05-15 07:25:55.805 plugin-container[85083:1304888] nil host used in call to allowsSpecificHTTPSCertificateForHost
2025-05-15 07:25:55.805 plugin-container[85083:1304888] nil host used in call to allowsAnyHTTPSCertificateForHost:
console.warn: LoginRecipes: "Falling back to a synchronous message for: https://the-internet.herokuapp.com."
console.warn: LoginRecipes: "Falling back to a synchronous message for: https://the-internet.herokuapp.com."
